<testsuites id="" name="" tests="11" failures="1" skipped="0" errors="0" time="32.514992">
<testsuite name="dashboard-ui.spec.ts" timestamp="2025-09-09T19:31:16.533Z" hostname="web-dashboard" tests="6" failures="1" skipped="0" time="26.667" errors="0">
<testcase name="Dashboard Restaurant - Interface UI › Test UI.1 : Accès et navigation dashboard" classname="dashboard-ui.spec.ts" time="3.715">
<system-out>
<![CDATA[🌐 Test UI.1 : Accès et navigation dashboard
✅ Test UI.1 : Dashboard accessible et chargé
]]>
</system-out>
</testcase>
<testcase name="Dashboard Restaurant - Interface UI › Test UI.2 : Affichage des plats existants" classname="dashboard-ui.spec.ts" time="1.747">
<system-out>
<![CDATA[🍽️ Test UI.2 : Affichage des plats existants
📊 8 éléments trouvés dans l'interface
✅ Test UI.2 : Plats affichés dans l'interface
]]>
</system-out>
</testcase>
<testcase name="Dashboard Restaurant - Interface UI › Test UI.3 : Interaction basique avec l&apos;interface" classname="dashboard-ui.spec.ts" time="4.924">
<system-out>
<![CDATA[🖱️ Test UI.3 : Interaction basique
🔘 64 éléments interactifs trouvés
✅ Test UI.3 : Interface interactive et responsive
]]>
</system-out>
</testcase>
<testcase name="Dashboard Restaurant - Interface UI › Test UI.4 : Vérification responsive et layout" classname="dashboard-ui.spec.ts" time="3.499">
<system-out>
<![CDATA[📱 Test UI.4 : Responsive et layout
✅ Layout OK sur 1920x1080
✅ Layout OK sur 1024x768
✅ Layout OK sur 375x667
✅ Test UI.4 : Responsive validé
]]>
</system-out>
</testcase>
<testcase name="Dashboard Restaurant - Interface UI › Test UI.5 : Performance et temps de chargement" classname="dashboard-ui.spec.ts" time="4.698">
<failure message="dashboard-ui.spec.ts:97:7 Test UI.5 : Performance et temps de chargement" type="FAILURE">
<![CDATA[  [web-dashboard] › dashboard-ui.spec.ts:97:7 › Dashboard Restaurant - Interface UI › Test UI.5 : Performance et temps de chargement 

    Error: expect(received).toBeLessThanOrEqual(expected)

    Expected: <= 2
    Received:    4

      133 |     
      134 |     // Tolérer quelques erreurs non critiques mais pas trop
    > 135 |     expect(criticalErrors.length).toBeLessThanOrEqual(2);
          |                                   ^
      136 |     
      137 |     console.log('✅ Test UI.5 : Performance dashboard validée');
      138 |   });
        at C:\Users\akin_\Documents\dev\FoodApp\Quarkus\oneeats-backend\tests\specs\dashboard-ui.spec.ts:135:35

    attachment #1: screenshot (image/png) ──────────────────────────────────────────────────────────
    ..\test-results\dashboard-ui-Dashboard-Res-99506-ance-et-temps-de-chargement-web-dashboard\test-failed-1.png
    ────────────────────────────────────────────────────────────────────────────────────────────────

    attachment #2: video (video/webm) ──────────────────────────────────────────────────────────────
    ..\test-results\dashboard-ui-Dashboard-Res-99506-ance-et-temps-de-chargement-web-dashboard\video.webm
    ────────────────────────────────────────────────────────────────────────────────────────────────

    Error Context: ..\test-results\dashboard-ui-Dashboard-Res-99506-ance-et-temps-de-chargement-web-dashboard\error-context.md
]]>
</failure>
<system-out>
<![CDATA[⚡ Test UI.5 : Performance dashboard
⏱️ Temps de chargement: 853ms
🐛 4 erreurs JS critiques détectées
Erreurs: [
  [32m"Access to font at 'https://fonts.gstatic.com/s/inter/v19/UcC73FwrK3iLTeHuS_nVMrMxCp50SjIa1ZL7.woff2' from origin 'http://localhost:5173' has been blocked by CORS policy: Request header field content-type is not allowed by Access-Control-Allow-Headers in preflight response."[39m,
  [32m'Failed to load resource: net::ERR_FAILED'[39m,
  [32m"Access to font at 'https://fonts.gstatic.com/s/inter/v19/UcC73FwrK3iLTeHuS_nVMrMxCp50SjIa25L7SUc.woff2' from origin 'http://localhost:5173' has been blocked by CORS policy: Request header field content-type is not allowed by Access-Control-Allow-Headers in preflight response."[39m,
  [32m'Failed to load resource: net::ERR_FAILED'[39m
]

[[ATTACHMENT|..\test-results\dashboard-ui-Dashboard-Res-99506-ance-et-temps-de-chargement-web-dashboard\test-failed-1.png]]

[[ATTACHMENT|..\test-results\dashboard-ui-Dashboard-Res-99506-ance-et-temps-de-chargement-web-dashboard\video.webm]]

[[ATTACHMENT|..\test-results\dashboard-ui-Dashboard-Res-99506-ance-et-temps-de-chargement-web-dashboard\error-context.md]]
]]>
</system-out>
</testcase>
<testcase name="Dashboard Restaurant - Interface UI › Test UI.6 : Navigation entre pages" classname="dashboard-ui.spec.ts" time="8.084">
<system-out>
<![CDATA[🧭 Test UI.6 : Navigation dashboard
✅ Page accessible: /restaurant/orders
✅ Page accessible: /restaurant/analytics
✅ Page accessible: /restaurant/settings
ℹ️ Page non implémentée: /restaurant
✅ Test UI.6 : Navigation testée
]]>
</system-out>
</testcase>
</testsuite>
<testsuite name="simple-api-tests.spec.ts" timestamp="2025-09-09T19:31:16.533Z" hostname="api-backend" tests="5" failures="0" skipped="0" time="0.086" errors="0">
<testcase name="Tests API OneEats - Simplifiés › API Restaurants - GET /restaurants" classname="simple-api-tests.spec.ts" time="0.032">
<system-out>
<![CDATA[🏪 Test API Restaurants
API Response: 200 OK
Restaurants received: [33m0[39m []
ℹ️ API Restaurants fonctionne mais sans données (DB vide)
✅ API Restaurants validée
]]>
</system-out>
</testcase>
<testcase name="Tests API OneEats - Simplifiés › API Restaurant détails - GET /restaurants/{id}" classname="simple-api-tests.spec.ts" time="0.007">
<system-out>
<![CDATA[🔍 Test API Restaurant détails
ℹ️ Restaurant non trouvé (normal si DB vide)
✅ Test API Restaurant détails validé
]]>
</system-out>
</testcase>
<testcase name="Tests API OneEats - Simplifiés › API Menu Items - GET /menu-items/restaurant/{id}" classname="simple-api-tests.spec.ts" time="0.008">
<system-out>
<![CDATA[🍽️ Test API Menu Items
ℹ️ Menu items non trouvés (normal si DB vide)
✅ Test API Menu Items validé
]]>
</system-out>
</testcase>
<testcase name="Tests API OneEats - Simplifiés › API Performance" classname="simple-api-tests.spec.ts" time="0.006">
<system-out>
<![CDATA[⚡ Test Performance API
⚡ API response time: 3ms
]]>
</system-out>
</testcase>
<testcase name="Tests API OneEats - Simplifiés › API Commande simple" classname="simple-api-tests.spec.ts" time="0.033">
<system-out>
<![CDATA[📝 Test API Commande
ℹ️ Commande échouée (erreur serveur)
✅ Test API Commande validé
]]>
</system-out>
</testcase>
</testsuite>
</testsuites>